1627220822404	geckodriver	INFO	Listening on 127.0.0.1:51550
1627220825447	mozrunner::runner	INFO	Running command: "C:\\Program Files\\Mozilla Firefox\\firefox.exe" "--marionette" "--disable-extensions" "--headless" "-foreground" "-no-remote" "-profile" "C:\\Users\\manum\\AppData\\Local\\Temp\\rust_mozprofileeGOvIj"
*** You are running in headless mode.
1627220826181	Marionette	INFO	Marionette enabled
[GFX1-]: RenderCompositorSWGL failed mapping default framebuffer, no dt
console.warn: SearchSettings: "get: No settings file exists, new profile?" (new NotFoundError("Could not open the file at C:\\Users\\manum\\AppData\\Local\\Temp\\rust_mozprofileeGOvIj\\search.json.mozlz4", (void 0)))
1627220828264	Marionette	INFO	Listening on port 51566

###!!! [Child][MessageChannel] Error: (msgtype=0x39009A,name=PContent::Msg_InitBackground) Channel closing: too late to send/recv, messages will be lost

1627220828644	Marionette	WARN	TLS certificate errors will be ignored for this session
1627220845332	Marionette	INFO	Stopped listening on port 51566

###!!! [Parent][RunMessage] Error: Channel closing: too late to send/recv, messages will be lost

1627220881232	geckodriver	INFO	Listening on 127.0.0.1:51641
1627220884308	mozrunner::runner	INFO	Running command: "C:\\Program Files\\Mozilla Firefox\\firefox.exe" "--marionette" "--disable-extensions" "--headless" "-foreground" "-no-remote" "-profile" "C:\\Users\\manum\\AppData\\Local\\Temp\\rust_mozprofilehj3BDg"
*** You are running in headless mode.
1627220884782	Marionette	INFO	Marionette enabled
[GFX1-]: RenderCompositorSWGL failed mapping default framebuffer, no dt
console.warn: SearchSettings: "get: No settings file exists, new profile?" (new NotFoundError("Could not open the file at C:\\Users\\manum\\AppData\\Local\\Temp\\rust_mozprofilehj3BDg\\search.json.mozlz4", (void 0)))
1627220886363	Marionette	INFO	Listening on port 51649
1627220886481	Marionette	WARN	TLS certificate errors will be ignored for this session
1627220902829	Marionette	INFO	Stopped listening on port 51649

###!!! [Parent][RunMessage] Error: Channel closing: too late to send/recv, messages will be lost

1627221043431	geckodriver	INFO	Listening on 127.0.0.1:51728
1627221046499	mozrunner::runner	INFO	Running command: "C:\\Program Files\\Mozilla Firefox\\firefox.exe" "--marionette" "--disable-extensions" "--headless" "-foreground" "-no-remote" "-profile" "C:\\Users\\manum\\AppData\\Local\\Temp\\rust_mozprofilegvdIgl"
*** You are running in headless mode.
1627221047009	Marionette	INFO	Marionette enabled
[GFX1-]: RenderCompositorSWGL failed mapping default framebuffer, no dt
console.warn: SearchSettings: "get: No settings file exists, new profile?" (new NotFoundError("Could not open the file at C:\\Users\\manum\\AppData\\Local\\Temp\\rust_mozprofilegvdIgl\\search.json.mozlz4", (void 0)))
1627221048880	Marionette	INFO	Listening on port 51736
1627221049176	Marionette	WARN	TLS certificate errors will be ignored for this session
1627221065723	Marionette	INFO	Stopped listening on port 51736

###!!! [Parent][RunMessage] Error: Channel closing: too late to send/recv, messages will be lost

1627221072750	geckodriver	INFO	Listening on 127.0.0.1:51792
1627221075788	mozrunner::runner	INFO	Running command: "C:\\Program Files\\Mozilla Firefox\\firefox.exe" "--marionette" "--disable-extensions" "--headless" "-foreground" "-no-remote" "-profile" "C:\\Users\\manum\\AppData\\Local\\Temp\\rust_mozprofileuUBepH"
*** You are running in headless mode.
1627221076315	Marionette	INFO	Marionette enabled
[GFX1-]: RenderCompositorSWGL failed mapping default framebuffer, no dt
console.warn: SearchSettings: "get: No settings file exists, new profile?" (new NotFoundError("Could not open the file at C:\\Users\\manum\\AppData\\Local\\Temp\\rust_mozprofileuUBepH\\search.json.mozlz4", (void 0)))
1627221077946	Marionette	INFO	Listening on port 51800
1627221078481	Marionette	WARN	TLS certificate errors will be ignored for this session

###!!! [Parent][RunMessage] Error: Channel closing: too late to send/recv, messages will be lost


###!!! [Parent][RunMessage] Error: Channel closing: too late to send/recv, messages will be lost

console.error: services.settings: 
  main/doh-providers Signature failed  InvalidSignatureError: Invalid content signature (main/doh-providers)
console.error: services.settings: 
  main/doh-providers local data was corrupted
console.warn: services.settings: main/doh-providers Signature verified failed. Retry from scratch
console.error: services.settings: 
  main/doh-config Signature failed  InvalidSignatureError: Invalid content signature (main/doh-config)
console.error: services.settings: 
  main/doh-config local data was corrupted
console.warn: services.settings: main/doh-config Signature verified failed. Retry from scratch
console.log: WebExtensions: reset-default-search: starting.
console.log: WebExtensions: reset-default-search: No addons in our list are installed.
JavaScript error: , line 0: NS_ERROR_NOT_AVAILABLE

###!!! [Parent][RunMessage] Error: Channel closing: too late to send/recv, messages will be lost


###!!! [Parent][RunMessage] Error: Channel closing: too late to send/recv, messages will be lost


###!!! [Parent][RunMessage] Error: Channel closing: too late to send/recv, messages will be lost


###!!! [Parent][RunMessage] Error: Channel closing: too late to send/recv, messages will be lost


###!!! [Parent][RunMessage] Error: Channel closing: too late to send/recv, messages will be lost


###!!! [Parent][RunMessage] Error: Channel closing: too late to send/recv, messages will be lost


###!!! [Parent][RunMessage] Error: Channel closing: too late to send/recv, messages will be lost


###!!! [Parent][RunMessage] Error: Channel closing: too late to send/recv, messages will be lost


###!!! [Parent][RunMessage] Error: Channel closing: too late to send/recv, messages will be lost


###!!! [Parent][RunMessage] Error: Channel closing: too late to send/recv, messages will be lost

nel closing: too late to send/recv, messages will be lost

1627221292505	geckodriver	INFO	Listening on 127.0.0.1:52021
1627221295555	mozrunner::runner	INFO	Running command: "C:\\Program Files\\Mozilla Firefox\\firefox.exe" "--marionette" "--disable-extensions" "--headless" "-foreground" "-no-remote" "-profile" "C:\\Users\\manum\\AppData\\Local\\Temp\\rust_mozprofileynKKr9"
*** You are running in headless mode.
1627221296047	Marionette	INFO	Marionette enabled
[GFX1-]: RenderCompositorSWGL failed mapping default framebuffer, no dt
console.warn: SearchSettings: "get: No settings file exists, new profile?" (new NotFoundError("Could not open the file at C:\\Users\\manum\\AppData\\Local\\Temp\\rust_mozprofileynKKr9\\search.json.mozlz4", (void 0)))
1627221297966	Marionette	INFO	Listening on port 52029
1627221298245	Marionette	WARN	TLS certificate errors will be ignored for this session
1627221314808	Marionette	INFO	Stopped listening on port 52029

###!!! [Parent][MessageChannel] Error: (msgtype=0x390079,name=PContent::Msg_DestroyBrowsingContextGroup) Closed channel: cannot send/recv


###!!! [Parent][RunMessage] Error: Channel closing: too late to send/recv, messages will be lost

1627221686576	geckodriver	INFO	Listening on 127.0.0.1:54469
1627221689614	mozrunner::runner	INFO	Running command: "C:\\Program Files\\Mozilla Firefox\\firefox.exe" "--marionette" "--disable-extensions" "--headless" "-foreground" "-no-remote" "-profile" "C:\\Users\\manum\\AppData\\Local\\Temp\\rust_mozprofile7VPgek"
*** You are running in headless mode.
1627221690161	Marionette	INFO	Marionette enabled
[GFX1-]: RenderCompositorSWGL failed mapping default framebuffer, no dt
console.warn: SearchSettings: "get: No settings file exists, new profile?" (new NotFoundError("Could not open the file at C:\\Users\\manum\\AppData\\Local\\Temp\\rust_mozprofile7VPgek\\search.json.mozlz4", (void 0)))
1627221691930	Marionette	INFO	Listening on port 54477
1627221692300	Marionette	WARN	TLS certificate errors will be ignored for this session
1627221704854	Marionette	INFO	Stopped listening on port 54477

###!!! [Parent][RunMessage] Error: Channel closing: too late to send/recv, messages will be lost

1627221759661	geckodriver	INFO	Listening on 127.0.0.1:54612
1627221762694	mozrunner::runner	INFO	Running command: "C:\\Program Files\\Mozilla Firefox\\firefox.exe" "--marionette" "--disable-extensions" "--headless" "-foreground" "-no-remote" "-profile" "C:\\Users\\manum\\AppData\\Local\\Temp\\rust_mozprofilecnjoX8"
*** You are running in headless mode.
1627221763265	Marionette	INFO	Marionette enabled
[GFX1-]: RenderCompositorSWGL failed mapping default framebuffer, no dt
console.warn: SearchSettings: "get: No settings file exists, new profile?" (new NotFoundError("Could not open the file at C:\\Users\\manum\\AppData\\Local\\Temp\\rust_mozprofilecnjoX8\\search.json.mozlz4", (void 0)))
1627221765221	Marionette	INFO	Listening on port 54638
1627221765378	Marionette	WARN	TLS certificate errors will be ignored for this session
1627221778078	Marionette	INFO	Stopped listening on port 54638

###!!! [Parent][RunMessage] Error: Channel closing: too late to send/recv, messages will be lost

1627221805025	geckodriver	INFO	Listening on 127.0.0.1:54823
1627221808058	mozrunner::runner	INFO	Running command: "C:\\Program Files\\Mozilla Firefox\\firefox.exe" "--marionette" "--disable-extensions" "--headless" "-foreground" "-no-remote" "-profile" "C:\\Users\\manum\\AppData\\Local\\Temp\\rust_mozprofile40jB9k"
*** You are running in headless mode.
1627221808612	Marionette	INFO	Marionette enabled
[GFX1-]: RenderCompositorSWGL failed mapping default framebuffer, no dt
console.warn: SearchSettings: "get: No settings file exists, new profile?" (new NotFoundError("Could not open the file at C:\\Users\\manum\\AppData\\Local\\Temp\\rust_mozprofile40jB9k\\search.json.mozlz4", (void 0)))
1627221810519	Marionette	INFO	Listening on port 54835

###!!! [Child][MessageChannel] Error: (msgtype=0x39009A,name=PContent::Msg_InitBackground) Channel closing: too late to send/recv, messages will be lost

1627221810725	Marionette	WARN	TLS certificate errors will be ignored for this session
1627221823234	Marionette	INFO	Stopped listening on port 54835

###!!! [Parent][RunMessage] Error: Channel closing: too late to send/recv, messages will be lost

1627221964795	geckodriver	INFO	Listening on 127.0.0.1:54944
1627221967860	mozrunner::runner	INFO	Running command: "C:\\Program Files\\Mozilla Firefox\\firefox.exe" "--marionette" "--disable-extensions" "--headless" "-foreground" "-no-remote" "-profile" "C:\\Users\\manum\\AppData\\Local\\Temp\\rust_mozprofile9AysJn"
*** You are running in headless mode.
1627221968431	Marionette	INFO	Marionette enabled
[GFX1-]: RenderCompositorSWGL failed mapping default framebuffer, no dt
console.warn: SearchSettings: "get: No settings file exists, new profile?" (new NotFoundError("Could not open the file at C:\\Users\\manum\\AppData\\Local\\Temp\\rust_mozprofile9AysJn\\search.json.mozlz4", (void 0)))
1627221970300	Marionette	INFO	Listening on port 54952
1627221970542	Marionette	WARN	TLS certificate errors will be ignored for this session
1627221983043	Marionette	INFO	Stopped listening on port 54952

###!!! [Parent][RunMessage] Error: Channel closing: too late to send/recv, messages will be lost

1627221985358	geckodriver	INFO	Listening on 127.0.0.1:55021
1627221988398	mozrunner::runner	INFO	Running command: "C:\\Program Files\\Mozilla Firefox\\firefox.exe" "--marionette" "--disable-extensions" "--headless" "-foreground" "-no-remote" "-profile" "C:\\Users\\manum\\AppData\\Local\\Temp\\rust_mozprofilekfHWWl"
*** You are running in headless mode.
1627221989005	Marionette	INFO	Marionette enabled
[GFX1-]: RenderCompositorSWGL failed mapping default framebuffer, no dt
console.warn: SearchSettings: "get: No settings file exists, new profile?" (new NotFoundError("Could not open the file at C:\\Users\\manum\\AppData\\Local\\Temp\\rust_mozprofilekfHWWl\\search.json.mozlz4", (void 0)))
1627221991019	Marionette	INFO	Listening on port 55032
1627221991085	Marionette	WARN	TLS certificate errors will be ignored for this session
1627222003715	Marionette	INFO	Stopped listening on port 55032

###!!! [Parent][RunMessage] Error: Channel closing: too late to send/recv, messages will be lost

1627222005876	geckodriver	INFO	Listening on 127.0.0.1:55087
1627222008913	mozrunner::runner	INFO	Running command: "C:\\Program Files\\Mozilla Firefox\\firefox.exe" "--marionette" "--disable-extensions" "--headless" "-foreground" "-no-remote" "-profile" "C:\\Users\\manum\\AppData\\Local\\Temp\\rust_mozprofilewQU7LW"
*** You are running in headless mode.
1627222009544	Marionette	INFO	Marionette enabled
[GFX1-]: RenderCompositorSWGL failed mapping default framebuffer, no dt
console.warn: SearchSettings: "get: No settings file exists, new profile?" (new NotFoundError("Could not open the file at C:\\Users\\manum\\AppData\\Local\\Temp\\rust_mozprofilewQU7LW\\search.json.mozlz4", (void 0)))
1627222011653	Marionette	INFO	Listening on port 55099

###!!! [Child][MessageChannel] Error: (msgtype=0x39009A,name=PContent::Msg_InitBackground) Channel closing: too late to send/recv, messages will be lost

1627222012085	Marionette	WARN	TLS certificate errors will be ignored for this session
1627222024613	Marionette	INFO	Stopped listening on port 55099

###!!! [Parent][RunMessage] Error: Channel closing: too late to send/recv, messages will be lost

1627222037937	geckodriver	INFO	Listening on 127.0.0.1:55160
1627222040986	mozrunner::runner	INFO	Running command: "C:\\Program Files\\Mozilla Firefox\\firefox.exe" "--marionette" "--disable-extensions" "--headless" "-foreground" "-no-remote" "-profile" "C:\\Users\\manum\\AppData\\Local\\Temp\\rust_mozprofileuIrSjv"
*** You are running in headless mode.
1627222041533	Marionette	INFO	Marionette enabled
[GFX1-]: RenderCompositorSWGL failed mapping default framebuffer, no dt
console.warn: SearchSettings: "get: No settings file exists, new profile?" (new NotFoundError("Could not open the file at C:\\Users\\manum\\AppData\\Local\\Temp\\rust_mozprofileuIrSjv\\search.json.mozlz4", (void 0)))
1627222043444	Marionette	INFO	Listening on port 55168
1627222043653	Marionette	WARN	TLS certificate errors will be ignored for this session
1627222056172	Marionette	INFO	Stopped listening on port 55168

###!!! [Parent][RunMessage] Error: Channel closing: too late to send/recv, messages will be lost

1627222091155	geckodriver	INFO	Listening on 127.0.0.1:55230
1627222094198	mozrunner::runner	INFO	Running command: "C:\\Program Files\\Mozilla Firefox\\firefox.exe" "--marionette" "--disable-extensions" "--headless" "-foreground" "-no-remote" "-profile" "C:\\Users\\manum\\AppData\\Local\\Temp\\rust_mozprofile6Aq79L"
*** You are running in headless mode.
1627222094732	Marionette	INFO	Marionette enabled
[GFX1-]: RenderCompositorSWGL failed mapping default framebuffer, no dt
console.warn: SearchSettings: "get: No settings file exists, new profile?" (new NotFoundError("Could not open the file at C:\\Users\\manum\\AppData\\Local\\Temp\\rust_mozprofile6Aq79L\\search.json.mozlz4", (void 0)))
1627222096603	Marionette	INFO	Listening on port 55245
1627222096888	Marionette	WARN	TLS certificate errors will be ignored for this session
1627222109438	Marionette	INFO	Stopped listening on port 55245

###!!! [Parent][RunMessage] Error: Channel closing: too late to send/recv, messages will be lost

1627222111788	geckodriver	INFO	Listening on 127.0.0.1:55299
1627222114805	mozrunner::runner	INFO	Running command: "C:\\Program Files\\Mozilla Firefox\\firefox.exe" "--marionette" "--disable-extensions" "--headless" "-foreground" "-no-remote" "-profile" "C:\\Users\\manum\\AppData\\Local\\Temp\\rust_mozprofileNqFE9c"
*** You are running in headless mode.
1627222115325	Marionette	INFO	Marionette enabled
[GFX1-]: RenderCompositorSWGL failed mapping default framebuffer, no dt
console.warn: SearchSettings: "get: No settings file exists, new profile?" (new NotFoundError("Could not open the file at C:\\Users\\manum\\AppData\\Local\\Temp\\rust_mozprofileNqFE9c\\search.json.mozlz4", (void 0)))
1627222117191	Marionette	INFO	Listening on port 55307
1627222117485	Marionette	WARN	TLS certificate errors will be ignored for this session
1627222130048	Marionette	INFO	Stopped listening on port 55307

###!!! [Parent][RunMessage] Error: Channel closing: too late to send/recv, messages will be lost

1627222132304	geckodriver	INFO	Listening on 127.0.0.1:55369
1627222135359	mozrunner::runner	INFO	Running command: "C:\\Program Files\\Mozilla Firefox\\firefox.exe" "--marionette" "--disable-extensions" "--headless" "-foreground" "-no-remote" "-profile" "C:\\Users\\manum\\AppData\\Local\\Temp\\rust_mozprofilexGWJBD"
*** You are running in headless mode.
1627222135876	Marionette	INFO	Marionette enabled
[GFX1-]: RenderCompositorSWGL failed mapping default framebuffer, no dt
console.warn: SearchSettings: "get: No settings file exists, new profile?" (new NotFoundError("Could not open the file at C:\\Users\\manum\\AppData\\Local\\Temp\\rust_mozprofilexGWJBD\\search.json.mozlz4", (void 0)))
1627222137825	Marionette	INFO	Listening on port 55377
1627222138043	Marionette	WARN	TLS certificate errors will be ignored for this session
1627222150635	Marionette	INFO	Stopped listening on port 55377

###!!! [Parent][RunMessage] Error: Channel closing: too late to send/recv, messages will be lost

1627222152977	geckodriver	INFO	Listening on 127.0.0.1:55444
1627222156020	mozrunner::runner	INFO	Running command: "C:\\Program Files\\Mozilla Firefox\\firefox.exe" "--marionette" "--disable-extensions" "--headless" "-foreground" "-no-remote" "-profile" "C:\\Users\\manum\\AppData\\Local\\Temp\\rust_mozprofilecf6Zaq"
*** You are running in headless mode.
1627222156656	Marionette	INFO	Marionette enabled
[GFX1-]: RenderCompositorSWGL failed mapping default framebuffer, no dt
console.warn: SearchSettings: "get: No settings file exists, new profile?" (new NotFoundError("Could not open the file at C:\\Users\\manum\\AppData\\Local\\Temp\\rust_mozprofilecf6Zaq\\search.json.mozlz4", (void 0)))
1627222158913	Marionette	INFO	Listening on port 55459
1627222159222	Marionette	WARN	TLS certificate errors will be ignored for this session
1627222171975	Marionette	INFO	Stopped listening on port 55459

###!!! [Parent][RunMessage] Error: Channel closing: too late to send/recv, messages will be lost

1627222695912	geckodriver	INFO	Listening on 127.0.0.1:55844
1627222698946	mozrunner::runner	INFO	Running command: "C:\\Program Files\\Mozilla Firefox\\firefox.exe" "--marionette" "--disable-extensions" "--headless" "-foreground" "-no-remote" "-profile" "C:\\Users\\manum\\AppData\\Local\\Temp\\rust_mozprofileE6DmA2"
*** You are running in headless mode.
1627222699532	Marionette	INFO	Marionette enabled
[GFX1-]: RenderCompositorSWGL failed mapping default framebuffer, no dt
console.warn: SearchSettings: "get: No settings file exists, new profile?" (new NotFoundError("Could not open the file at C:\\Users\\manum\\AppData\\Local\\Temp\\rust_mozprofileE6DmA2\\search.json.mozlz4", (void 0)))
1627222701514	Marionette	INFO	Listening on port 55853
1627222701658	Marionette	WARN	TLS certificate errors will be ignored for this session
1627222714261	Marionette	INFO	Stopped listening on port 55853

###!!! [Parent][RunMessage] Error: Channel closing: too late to send/recv, messages will be lost

1627222716948	geckodriver	INFO	Listening on 127.0.0.1:55911
1627222720004	mozrunner::runner	INFO	Running command: "C:\\Program Files\\Mozilla Firefox\\firefox.exe" "--marionette" "--disable-extensions" "--headless" "-foreground" "-no-remote" "-profile" "C:\\Users\\manum\\AppData\\Local\\Temp\\rust_mozprofileSd0Z1Z"
*** You are running in headless mode.
1627222720693	Marionette	INFO	Marionette enabled
[GFX1-]: RenderCompositorSWGL failed mapping default framebuffer, no dt
console.warn: SearchSettings: "get: No settings file exists, new profile?" (new NotFoundError("Could not open the file at C:\\Users\\manum\\AppData\\Local\\Temp\\rust_mozprofileSd0Z1Z\\search.json.mozlz4", (void 0)))
1627222723256	Marionette	INFO	Listening on port 55923
1627222723714	Marionette	WARN	TLS certificate errors will be ignored for this session
1627222736634	Marionette	INFO	Stopped listening on port 55923

###!!! [Parent][RunMessage] Error: Channel closing: too late to send/recv, messages will be lost

1627222805141	geckodriver	INFO	Listening on 127.0.0.1:56010
1627222808184	mozrunner::runner	INFO	Running command: "C:\\Program Files\\Mozilla Firefox\\firefox.exe" "--marionette" "--disable-extensions" "--headless" "-foreground" "-no-remote" "-profile" "C:\\Users\\manum\\AppData\\Local\\Temp\\rust_mozprofileEUpK0r"
*** You are running in headless mode.
1627222808898	Marionette	INFO	Marionette enabled
[GFX1-]: RenderCompositorSWGL failed mapping default framebuffer, no dt
console.warn: SearchSettings: "get: No settings file exists, new profile?" (new NotFoundError("Could not open the file at C:\\Users\\manum\\AppData\\Local\\Temp\\rust_mozprofileEUpK0r\\search.json.mozlz4", (void 0)))
1627222811039	Marionette	INFO	Listening on port 56023
1627222811386	Marionette	WARN	TLS certificate errors will be ignored for this session
1627222881582	Marionette	INFO	Stopped listening on port 56023

###!!! [Parent][RunMessage] Error: Channel closing: too late to send/recv, messages will be lost

1627222884183	geckodriver	INFO	Listening on 127.0.0.1:56125
1627222887247	mozrunner::runner	INFO	Running command: "C:\\Program Files\\Mozilla Firefox\\firefox.exe" "--marionette" "--disable-extensions" "--headless" "-foreground" "-no-remote" "-profile" "C:\\Users\\manum\\AppData\\Local\\Temp\\rust_mozprofileY2sq64"
*** You are running in headless mode.
1627222888094	Marionette	INFO	Marionette enabled
[GFX1-]: RenderCompositorSWGL failed mapping default framebuffer, no dt
console.warn: SearchSettings: "get: No settings file exists, new profile?" (new NotFoundError("Could not open the file at C:\\Users\\manum\\AppData\\Local\\Temp\\rust_mozprofileY2sq64\\search.json.mozlz4", (void 0)))
1627222890280	Marionette	INFO	Listening on port 56133
1627222890446	Marionette	WARN	TLS certificate errors will be ignored for this session
1627222903251	Marionette	INFO	Stopped listening on port 56133

###!!! [Parent][RunMessage] Error: Channel closing: too late to send/recv, messages will be lost

1627222905648	geckodriver	INFO	Listening on 127.0.0.1:56197
1627222908690	mozrunner::runner	INFO	Running command: "C:\\Program Files\\Mozilla Firefox\\firefox.exe" "--marionette" "--disable-extensions" "--headless" "-foreground" "-no-remote" "-profile" "C:\\Users\\manum\\AppData\\Local\\Temp\\rust_mozprofileOhrlsS"
*** You are running in headless mode.
1627222909268	Marionette	INFO	Marionette enabled
[GFX1-]: RenderCompositorSWGL failed mapping default framebuffer, no dt
console.warn: SearchSettings: "get: No settings file exists, new profile?" (new NotFoundError("Could not open the file at C:\\Users\\manum\\AppData\\Local\\Temp\\rust_mozprofileOhrlsS\\search.json.mozlz4", (void 0)))
1627222911333	Marionette	INFO	Listening on port 56205
1627222911368	Marionette	WARN	TLS certificate errors will be ignored for this session
1627222923974	Marionette	INFO	Stopped listening on port 56205

###!!! [Parent][RunMessage] Error: Channel closing: too late to send/recv, messages will be lost

1627222926419	geckodriver	INFO	Listening on 127.0.0.1:56266
1627222929453	mozrunner::runner	INFO	Running command: "C:\\Program Files\\Mozilla Firefox\\firefox.exe" "--marionette" "--disable-extensions" "--headless" "-foreground" "-no-remote" "-profile" "C:\\Users\\manum\\AppData\\Local\\Temp\\rust_mozprofileYgRHGp"
*** You are running in headless mode.
1627222929998	Marionette	INFO	Marionette enabled
[GFX1-]: RenderCompositorSWGL failed mapping default framebuffer, no dt
console.warn: SearchSettings: "get: No settings file exists, new profile?" (new NotFoundError("Could not open the file at C:\\Users\\manum\\AppData\\Local\\Temp\\rust_mozprofileYgRHGp\\search.json.mozlz4", (void 0)))
1627222931922	Marionette	INFO	Listening on port 56277
1627222932139	Marionette	WARN	TLS certificate errors will be ignored for this session
1627222944776	Marionette	INFO	Stopped listening on port 56277

###!!! [Parent][RunMessage] Error: Channel closing: too late to send/recv, messages will be lost

1627223081024	geckodriver	INFO	Listening on 127.0.0.1:53876
1627223084065	mozrunner::runner	INFO	Running command: "C:\\Program Files\\Mozilla Firefox\\firefox.exe" "--marionette" "--disable-extensions" "--headless" "-foreground" "-no-remote" "-profile" "C:\\Users\\manum\\AppData\\Local\\Temp\\rust_mozprofileLhez9H"
*** You are running in headless mode.
1627223084669	Marionette	INFO	Marionette enabled
[GFX1-]: RenderCompositorSWGL failed mapping default framebuffer, no dt
console.warn: SearchSettings: "get: No settings file exists, new profile?" (new NotFoundError("Could not open the file at C:\\Users\\manum\\AppData\\Local\\Temp\\rust_mozprofileLhez9H\\search.json.mozlz4", (void 0)))
1627223086658	Marionette	INFO	Listening on port 53887
1627223086751	Marionette	WARN	TLS certificate errors will be ignored for this session
1627223099266	Marionette	INFO	Stopped listening on port 53887

###!!! [Parent][RunMessage] Error: Channel closing: too late to send/recv, messages will be lost

1627223132038	geckodriver	INFO	Listening on 127.0.0.1:53963
1627223135069	mozrunner::runner	INFO	Running command: "C:\\Program Files\\Mozilla Firefox\\firefox.exe" "--marionette" "--disable-extensions" "--headless" "-foreground" "-no-remote" "-profile" "C:\\Users\\manum\\AppData\\Local\\Temp\\rust_mozprofileiRgl7N"
*** You are running in headless mode.
1627223135608	Marionette	INFO	Marionette enabled
[GFX1-]: RenderCompositorSWGL failed mapping default framebuffer, no dt
console.warn: SearchSettings: "get: No settings file exists, new profile?" (new NotFoundError("Could not open the file at C:\\Users\\manum\\AppData\\Local\\Temp\\rust_mozprofileiRgl7N\\search.json.mozlz4", (void 0)))
1627223137548	Marionette	INFO	Listening on port 53971
1627223137758	Marionette	WARN	TLS certificate errors will be ignored for this session
1627223150301	Marionette	INFO	Stopped listening on port 53971

###!!! [Parent][RunMessage] Error: Channel closing: too late to send/recv, messages will be lost

1627223201663	geckodriver	INFO	Listening on 127.0.0.1:54043
1627223294304	geckodriver	INFO	Listening on 127.0.0.1:54087
1627223297371	mozrunner::runner	INFO	Running command: "C:\\Program Files\\Mozilla Firefox\\firefox.exe" "--marionette" "--disable-extensions" "--headless" "-foreground" "-no-remote" "-profile" "C:\\Users\\manum\\AppData\\Local\\Temp\\rust_mozprofileaCZVQk"
*** You are running in headless mode.
1627223298015	Marionette	INFO	Marionette enabled
[GFX1-]: RenderCompositorSWGL failed mapping default framebuffer, no dt
console.warn: SearchSettings: "get: No settings file exists, new profile?" (new NotFoundError("Could not open the file at C:\\Users\\manum\\AppData\\Local\\Temp\\rust_mozprofileaCZVQk\\search.json.mozlz4", (void 0)))
1627223299959	Marionette	INFO	Listening on port 54105
1627223300053	Marionette	WARN	TLS certificate errors will be ignored for this session
1627223312615	Marionette	INFO	Stopped listening on port 54105

###!!! [Parent][RunMessage] Error: Channel closing: too late to send/recv, messages will be lost

1627224041273	geckodriver	INFO	Listening on 127.0.0.1:54425
1627224044327	mozrunner::runner	INFO	Running command: "C:\\Program Files\\Mozilla Firefox\\firefox.exe" "--marionette" "--disable-extensions" "--headless" "-foreground" "-no-remote" "-profile" "C:\\Users\\manum\\AppData\\Local\\Temp\\rust_mozprofileliEPp7"
*** You are running in headless mode.
1627224044926	Marionette	INFO	Marionette enabled
[GFX1-]: RenderCompositorSWGL failed mapping default framebuffer, no dt
console.warn: SearchSettings: "get: No settings file exists, new profile?" (new NotFoundError("Could not open the file at C:\\Users\\manum\\AppData\\Local\\Temp\\rust_mozprofileliEPp7\\search.json.mozlz4", (void 0)))
1627224046681	Marionette	INFO	Listening on port 54433
1627224047005	Marionette	WARN	TLS certificate errors will be ignored for this session
1627224059472	Marionette	INFO	Stopped listening on port 54433

###!!! [Parent][RunMessage] Error: Channel closing: too late to send/recv, messages will be lost

1627224221248	geckodriver	INFO	Listening on 127.0.0.1:54507
1627224224333	mozrunner::runner	INFO	Running command: "C:\\Program Files\\Mozilla Firefox\\firefox.exe" "--marionette" "--disable-extensions" "--headless" "-foreground" "-no-remote" "-profile" "C:\\Users\\manum\\AppData\\Local\\Temp\\rust_mozprofilebPNFxT"
*** You are running in headless mode.
1627224224893	Marionette	INFO	Marionette enabled
[GFX1-]: RenderCompositorSWGL failed mapping default framebuffer, no dt
console.warn: SearchSettings: "get: No settings file exists, new profile?" (new NotFoundError("Could not open the file at C:\\Users\\manum\\AppData\\Local\\Temp\\rust_mozprofilebPNFxT\\search.json.mozlz4", (void 0)))
1627224226473	Marionette	INFO	Listening on port 54515
1627224226540	Marionette	WARN	TLS certificate errors will be ignored for this session
1627224239027	Marionette	INFO	Stopped listening on port 54515

###!!! [Parent][RunMessage] Error: Channel closing: too late to send/recv, messages will be lost


###!!! [Parent][RunMessage] Error: Channel closing: too late to send/recv, messages will be lost

1627224246353	geckodriver	INFO	Listening on 127.0.0.1:54581
1627224249393	mozrunner::runner	INFO	Running command: "C:\\Program Files\\Mozilla Firefox\\firefox.exe" "--marionette" "--disable-extensions" "--headless" "-foreground" "-no-remote" "-profile" "C:\\Users\\manum\\AppData\\Local\\Temp\\rust_mozprofileRdqAE5"
*** You are running in headless mode.
1627224249929	Marionette	INFO	Marionette enabled
[GFX1-]: RenderCompositorSWGL failed mapping default framebuffer, no dt
console.warn: SearchSettings: "get: No settings file exists, new profile?" (new NotFoundError("Could not open the file at C:\\Users\\manum\\AppData\\Local\\Temp\\rust_mozprofileRdqAE5\\search.json.mozlz4", (void 0)))
1627224251876	Marionette	INFO	Listening on port 54590
1627224252081	Marionette	WARN	TLS certificate errors will be ignored for this session
[Parent 13872, IPC I/O Parent] WARNING: file /builds/worker/checkouts/gecko/ipc/chromium/src/base/process_util_win.cc:167
1627224264669	Marionette	INFO	Stopped listening on port 54590

###!!! [Parent][RunMessage] Error: Channel closing: too late to send/recv, messages will be lost

1627224272073	geckodriver	INFO	Listening on 127.0.0.1:54646
1627224275127	mozrunner::runner	INFO	Running command: "C:\\Program Files\\Mozilla Firefox\\firefox.exe" "--marionette" "--disable-extensions" "--headless" "-foreground" "-no-remote" "-profile" "C:\\Users\\manum\\AppData\\Local\\Temp\\rust_mozprofileOIZwJl"
*** You are running in headless mode.
1627224275685	Marionette	INFO	Marionette enabled
[GFX1-]: RenderCompositorSWGL failed mapping default framebuffer, no dt
console.warn: SearchSettings: "get: No settings file exists, new profile?" (new NotFoundError("Could not open the file at C:\\Users\\manum\\AppData\\Local\\Temp\\rust_mozprofileOIZwJl\\search.json.mozlz4", (void 0)))
1627224277667	Marionette	INFO	Listening on port 54655

###!!! [Child][MessageChannel] Error: (msgtype=0x39009A,name=PContent::Msg_InitBackground) Channel closing: too late to send/recv, messages will be lost


###!!! [Child][MessageChannel] Error: (msgtype=0x39009A,name=PContent::Msg_InitBackground) Channel closing: too late to send/recv, messages will be lost

console.error: services.settings: 
  main/doh-providers Signature failed  InvalidSignatureError: Invalid content signature (main/doh-providers)
console.error: services.settings: 
  main/doh-providers local data was corrupted
console.warn: services.settings: main/doh-providers Signature verified failed. Retry from scratch
console.error: services.settings: 
  main/doh-config Signature failed  InvalidSignatureError: Invalid content signature (main/doh-config)
console.error: services.settings: 
  main/doh-config local data was corrupted
console.warn: services.settings: main/doh-config Signature verified failed. Retry from scratch
console.log: WebExtensions: reset-default-search: starting.
console.log: WebExtensions: reset-default-search: No addons in our list are installed.
JavaScript error: , line 0: NS_ERROR_NOT_AVAILABLE
Exiting due to channel error.
 listening on port 54720

###!!! [Parent][RunMessage] Error: Channel closing: too late to send/recv, messages will be lost

1627224379432	geckodriver	INFO	Listening on 127.0.0.1:54772
1627224382480	mozrunner::runner	INFO	Running command: "C:\\Program Files\\Mozilla Firefox\\firefox.exe" "--marionette" "--disable-extensions" "--headless" "-foreground" "-no-remote" "-profile" "C:\\Users\\manum\\AppData\\Local\\Temp\\rust_mozprofileP390GN"
*** You are running in headless mode.
1627224382980	Marionette	INFO	Marionette enabled
[GFX1-]: RenderCompositorSWGL failed mapping default framebuffer, no dt
console.warn: SearchSettings: "get: No settings file exists, new profile?" (new NotFoundError("Could not open the file at C:\\Users\\manum\\AppData\\Local\\Temp\\rust_mozprofileP390GN\\search.json.mozlz4", (void 0)))
1627224384814	Marionette	INFO	Listening on port 54780
1627224385175	Marionette	WARN	TLS certificate errors will be ignored for this session
1627224397683	Marionette	INFO	Stopped listening on port 54780
1627224404696	geckodriver	INFO	Listening on 127.0.0.1:54836
1627224407781	mozrunner::runner	INFO	Running command: "C:\\Program Files\\Mozilla Firefox\\firefox.exe" "--marionette" "--disable-extensions" "--headless" "-foreground" "-no-remote" "-profile" "C:\\Users\\manum\\AppData\\Local\\Temp\\rust_mozprofiledWcHDG"
*** You are running in headless mode.
1627224408245	Marionette	INFO	Marionette enabled
[GFX1-]: RenderCompositorSWGL failed mapping default framebuffer, no dt
console.warn: SearchSettings: "get: No settings file exists, new profile?" (new NotFoundError("Could not open the file at C:\\Users\\manum\\AppData\\Local\\Temp\\rust_mozprofiledWcHDG\\search.json.mozlz4", (void 0)))
1627224409868	Marionette	INFO	Listening on port 54844
1627224409966	Marionette	WARN	TLS certificate errors will be ignored for this session
console.error: services.settings: 
  main/doh-providers Signature failed  InvalidSignatureError: Invalid content signature (main/doh-providers)
console.error: services.settings: 
  main/doh-providers local data was corrupted
console.warn: services.settings: main/doh-providers Signature verified failed. Retry from scratch
console.error: services.settings: 
  main/doh-config Signature failed  InvalidSignatureError: Invalid content signature (main/doh-config)
console.error: services.settings: 
  main/doh-config local data was corrupted
console.warn: services.settings: main/doh-config Signature verified failed. Retry from scratch
console.log: WebExtensions: reset-default-search: starting.
console.log: WebExtensions: reset-default-search: No addons in our list are installed.
JavaScript error: , line 0: NS_ERROR_NOT_AVAILABLE

###!!! [Parent][RunMessage] Error: Channel closing: too late to send/recv, messages will be lost


###!!! [Parent][RunMessage] Error: Channel closing: too late to send/recv, messages will be lost


###!!! [Parent][RunMessage] Error: Channel closing: too late to send/recv, messages will be lost


###!!! [Parent][RunMessage] Error: Channel closing: too late to send/recv, messages will be lost


###!!! [Parent][RunMessage] Error: Channel closing: too late to send/recv, messages will be lost

Exiting due to channel error.
NFO	Marionette enabled
[GFX1-]: RenderCompositorSWGL failed mapping default framebuffer, no dt
console.warn: SearchSettings: "get: No settings file exists, new profile?" (new NotFoundError("Could not open the file at C:\\Users\\manum\\AppData\\Local\\Temp\\rust_mozprofilePbSkM7\\search.json.mozlz4", (void 0)))
1627224656805	Marionette	INFO	Listening on port 55005
1627224656857	Marionette	WARN	TLS certificate errors will be ignored for this session
1627224669288	Marionette	INFO	Stopped listening on port 55005

###!!! [Parent][RunMessage] Error: Channel closing: too late to send/recv, messages will be lost

1627224731514	geckodriver	INFO	Listening on 127.0.0.1:55066
1627224734549	mozrunner::runner	INFO	Running command: "C:\\Program Files\\Mozilla Firefox\\firefox.exe" "--marionette" "--disable-extensions" "--headless" "-foreground" "-no-remote" "-profile" "C:\\Users\\manum\\AppData\\Local\\Temp\\rust_mozprofileROD25p"
*** You are running in headless mode.
1627224735008	Marionette	INFO	Marionette enabled
[GFX1-]: RenderCompositorSWGL failed mapping default framebuffer, no dt
console.warn: SearchSettings: "get: No settings file exists, new profile?" (new NotFoundError("Could not open the file at C:\\Users\\manum\\AppData\\Local\\Temp\\rust_mozprofileROD25p\\search.json.mozlz4", (void 0)))
1627224736617	Marionette	INFO	Listening on port 55074
1627224736725	Marionette	WARN	TLS certificate errors will be ignored for this session
1627224749181	Marionette	INFO	Stopped listening on port 55074

###!!! [Parent][RunMessage] Error: Channel closing: too late to send/recv, messages will be lost

1627224906671	geckodriver	INFO	Listening on 127.0.0.1:55139
1627224909746	mozrunner::runner	INFO	Running command: "C:\\Program Files\\Mozilla Firefox\\firefox.exe" "--marionette" "--disable-extensions" "--headless" "-foreground" "-no-remote" "-profile" "C:\\Users\\manum\\AppData\\Local\\Temp\\rust_mozprofileKEH68I"
*** You are running in headless mode.
1627224910202	Marionette	INFO	Marionette enabled
[GFX1-]: RenderCompositorSWGL failed mapping default framebuffer, no dt
console.warn: SearchSettings: "get: No settings file exists, new profile?" (new NotFoundError("Could not open the file at C:\\Users\\manum\\AppData\\Local\\Temp\\rust_mozprofileKEH68I\\search.json.mozlz4", (void 0)))
1627224911827	Marionette	INFO	Listening on port 55147
1627224911916	Marionette	WARN	TLS certificate errors will be ignored for this session
1627224924458	Marionette	INFO	Stopped listening on port 55147

###!!! [Parent][RunMessage] Error: Channel closing: too late to send/recv, messages will be lost

1627224943527	geckodriver	INFO	Listening on 127.0.0.1:55206
1627224946587	mozrunner::runner	INFO	Running command: "C:\\Program Files\\Mozilla Firefox\\firefox.exe" "--marionette" "--disable-extensions" "--headless" "-foreground" "-no-remote" "-profile" "C:\\Users\\manum\\AppData\\Local\\Temp\\rust_mozprofile1mXIH3"
*** You are running in headless mode.
1627224947053	Marionette	INFO	Marionette enabled
[GFX1-]: RenderCompositorSWGL failed mapping default framebuffer, no dt
console.warn: SearchSettings: "get: No settings file exists, new profile?" (new NotFoundError("Could not open the file at C:\\Users\\manum\\AppData\\Local\\Temp\\rust_mozprofile1mXIH3\\search.json.mozlz4", (void 0)))
1627224948838	Marionette	INFO	Listening on port 55215
1627224949271	Marionette	WARN	TLS certificate errors will be ignored for this session
1627224961683	Marionette	INFO	Stopped listening on port 55215

###!!! [Parent][RunMessage] Error: Channel closing: too late to send/recv, messages will be lost

1627224995741	geckodriver	INFO	Listening on 127.0.0.1:55275
1627224998783	mozrunner::runner	INFO	Running command: "C:\\Program Files\\Mozilla Firefox\\firefox.exe" "--marionette" "--disable-extensions" "--headless" "-foreground" "-no-remote" "-profile" "C:\\Users\\manum\\AppData\\Local\\Temp\\rust_mozprofileL7wnLs"
*** You are running in headless mode.
1627224999258	Marionette	INFO	Marionette enabled
[GFX1-]: RenderCompositorSWGL failed mapping default framebuffer, no dt
console.warn: SearchSettings: "get: No settings file exists, new profile?" (new NotFoundError("Could not open the file at C:\\Users\\manum\\AppData\\Local\\Temp\\rust_mozprofileL7wnLs\\search.json.mozlz4", (void 0)))
1627225000844	Marionette	INFO	Listening on port 55283
1627225000954	Marionette	WARN	TLS certificate errors will be ignored for this session
1627225013368	Marionette	INFO	Stopped listening on port 55283

###!!! [Parent][RunMessage] Error: Channel closing: too late to send/recv, messages will be lost

1627225207936	geckodriver	INFO	Listening on 127.0.0.1:55358
1627225211005	mozrunner::runner	INFO	Running command: "C:\\Program Files\\Mozilla Firefox\\firefox.exe" "--marionette" "--disable-extensions" "--headless" "-foreground" "-no-remote" "-profile" "C:\\Users\\manum\\AppData\\Local\\Temp\\rust_mozprofileiL5Dtf"
*** You are running in headless mode.
1627225211464	Marionette	INFO	Marionette enabled
[GFX1-]: RenderCompositorSWGL failed mapping default framebuffer, no dt
console.warn: SearchSettings: "get: No settings file exists, new profile?" (new NotFoundError("Could not open the file at C:\\Users\\manum\\AppData\\Local\\Temp\\rust_mozprofileiL5Dtf\\search.json.mozlz4", (void 0)))
1627225213281	Marionette	INFO	Listening on port 55366
1627225213704	Marionette	WARN	TLS certificate errors will be ignored for this session
1627225226235	Marionette	INFO	Stopped listening on port 55366

###!!! [Parent][RunMessage] Error: Channel closing: too late to send/recv, messages will be lost

1627225382051	geckodriver	INFO	Listening on 127.0.0.1:55465
1627225385125	mozrunner::runner	INFO	Running command: "C:\\Program Files\\Mozilla Firefox\\firefox.exe" "--marionette" "--disable-extensions" "--headless" "-foreground" "-no-remote" "-profile" "C:\\Users\\manum\\AppData\\Local\\Temp\\rust_mozprofileltIBzk"
*** You are running in headless mode.
1627225385590	Marionette	INFO	Marionette enabled
[GFX1-]: RenderCompositorSWGL failed mapping default framebuffer, no dt
console.warn: SearchSettings: "get: No settings file exists, new profile?" (new NotFoundError("Could not open the file at C:\\Users\\manum\\AppData\\Local\\Temp\\rust_mozprofileltIBzk\\search.json.mozlz4", (void 0)))
1627225387172	Marionette	INFO	Listening on port 55475
1627225387204	Marionette	WARN	TLS certificate errors will be ignored for this session
1627225399669	Marionette	INFO	Stopped listening on port 55475

###!!! [Parent][RunMessage] Error: Channel closing: too late to send/recv, messages will be lost

1627225486254	geckodriver	INFO	Listening on 127.0.0.1:55546
1627225489298	mozrunner::runner	INFO	Running command: "C:\\Program Files\\Mozilla Firefox\\firefox.exe" "--marionette" "--disable-extensions" "--headless" "-foreground" "-no-remote" "-profile" "C:\\Users\\manum\\AppData\\Local\\Temp\\rust_mozprofileodPP4i"
*** You are running in headless mode.
1627225489791	Marionette	INFO	Marionette enabled
[GFX1-]: RenderCompositorSWGL failed mapping default framebuffer, no dt
console.warn: SearchSettings: "get: No settings file exists, new profile?" (new NotFoundError("Could not open the file at C:\\Users\\manum\\AppData\\Local\\Temp\\rust_mozprofileodPP4i\\search.json.mozlz4", (void 0)))
1627225491417	Marionette	INFO	Listening on port 55554
1627225491469	Marionette	WARN	TLS certificate errors will be ignored for this session
1627225503959	Marionette	INFO	Stopped listening on port 55554

###!!! [Parent][RunMessage] Error: Channel closing: too late to send/recv, messages will be lost

1627225573842	geckodriver	INFO	Listening on 127.0.0.1:55612
1627225576904	mozrunner::runner	INFO	Running command: "C:\\Program Files\\Mozilla Firefox\\firefox.exe" "--marionette" "--disable-extensions" "--headless" "-foreground" "-no-remote" "-profile" "C:\\Users\\manum\\AppData\\Local\\Temp\\rust_mozprofileG1TuuC"
*** You are running in headless mode.
1627225577384	Marionette	INFO	Marionette enabled
[GFX1-]: RenderCompositorSWGL failed mapping default framebuffer, no dt
console.warn: SearchSettings: "get: No settings file exists, new profile?" (new NotFoundError("Could not open the file at C:\\Users\\manum\\AppData\\Local\\Temp\\rust_mozprofileG1TuuC\\search.json.mozlz4", (void 0)))
1627225578971	Marionette	INFO	Listening on port 55620
1627225579079	Marionette	WARN	TLS certificate errors will be ignored for this session
1627225591457	Marionette	INFO	Stopped listening on port 55620

###!!! [Parent][RunMessage] Error: Channel closing: too late to send/recv, messages will be lost

1627225607710	geckodriver	INFO	Listening on 127.0.0.1:55675
1627225610765	mozrunner::runner	INFO	Running command: "C:\\Program Files\\Mozilla Firefox\\firefox.exe" "--marionette" "--disable-extensions" "--headless" "-foreground" "-no-remote" "-profile" "C:\\Users\\manum\\AppData\\Local\\Temp\\rust_mozprofileLFe32l"
*** You are running in headless mode.
1627225611220	Marionette	INFO	Marionette enabled
[GFX1-]: RenderCompositorSWGL failed mapping default framebuffer, no dt
console.warn: SearchSettings: "get: No settings file exists, new profile?" (new NotFoundError("Could not open the file at C:\\Users\\manum\\AppData\\Local\\Temp\\rust_mozprofileLFe32l\\search.json.mozlz4", (void 0)))
1627225612857	Marionette	INFO	Listening on port 55683
1627225612934	Marionette	WARN	TLS certificate errors will be ignored for this session
1627225625313	Marionette	INFO	Stopped listening on port 55683
1627225706525	geckodriver	INFO	Listening on 127.0.0.1:55745
1627225709558	mozrunner::runner	INFO	Running command: "C:\\Program Files\\Mozilla Firefox\\firefox.exe" "--marionette" "--disable-extensions" "--headless" "-foreground" "-no-remote" "-profile" "C:\\Users\\manum\\AppData\\Local\\Temp\\rust_mozprofileOpjhXM"
*** You are running in headless mode.
1627225710047	Marionette	INFO	Marionette enabled
[GFX1-]: RenderCompositorSWGL failed mapping default framebuffer, no dt
console.warn: SearchSettings: "get: No settings file exists, new profile?" (new NotFoundError("Could not open the file at C:\\Users\\manum\\AppData\\Local\\Temp\\rust_mozprofileOpjhXM\\search.json.mozlz4", (void 0)))
1627225711695	Marionette	INFO	Listening on port 55757
1627225711727	Marionette	WARN	TLS certificate errors will be ignored for this session
1627225722254	Marionette	INFO	Stopped listening on port 55757

###!!! [Parent][RunMessage] Error: Channel closing: too late to send/recv, messages will be lost

1627225724200	geckodriver	INFO	Listening on 127.0.0.1:55813
1627225727231	mozrunner::runner	INFO	Running command: "C:\\Program Files\\Mozilla Firefox\\firefox.exe" "--marionette" "--disable-extensions" "--headless" "-foreground" "-no-remote" "-profile" "C:\\Users\\manum\\AppData\\Local\\Temp\\rust_mozprofilelHnL0F"
*** You are running in headless mode.
1627225727779	Marionette	INFO	Marionette enabled
[GFX1-]: RenderCompositorSWGL failed mapping default framebuffer, no dt
console.warn: SearchSettings: "get: No settings file exists, new profile?" (new NotFoundError("Could not open the file at C:\\Users\\manum\\AppData\\Local\\Temp\\rust_mozprofilelHnL0F\\search.json.mozlz4", (void 0)))
1627225729806	Marionette	INFO	Listening on port 55822
1627225729920	Marionette	WARN	TLS certificate errors will be ignored for this session
1627225740413	Marionette	INFO	Stopped listening on port 55822

###!!! [Parent][RunMessage] Error: Channel closing: too late to send/recv, messages will be lost

1627225829167	geckodriver	INFO	Listening on 127.0.0.1:55907
1627225832214	mozrunner::runner	INFO	Running command: "C:\\Program Files\\Mozilla Firefox\\firefox.exe" "--marionette" "--disable-extensions" "--headless" "-foreground" "-no-remote" "-profile" "C:\\Users\\manum\\AppData\\Local\\Temp\\rust_mozprofile6Evcy2"
*** You are running in headless mode.
1627225832682	Marionette	INFO	Marionette enabled
[GFX1-]: RenderCompositorSWGL failed mapping default framebuffer, no dt
console.warn: SearchSettings: "get: No settings file exists, new profile?" (new NotFoundError("Could not open the file at C:\\Users\\manum\\AppData\\Local\\Temp\\rust_mozprofile6Evcy2\\search.json.mozlz4", (void 0)))
1627225834395	Marionette	INFO	Listening on port 55915
1627225834905	Marionette	WARN	TLS certificate errors will be ignored for this session
1627225845407	Marionette	INFO	Stopped listening on port 55915

###!!! [Parent][RunMessage] Error: Channel closing: too late to send/recv, messages will be lost

1627225925339	geckodriver	INFO	Listening on 127.0.0.1:55983
1627225928378	mozrunner::runner	INFO	Running command: "C:\\Program Files\\Mozilla Firefox\\firefox.exe" "--marionette" "--disable-extensions" "--headless" "-foreground" "-no-remote" "-profile" "C:\\Users\\manum\\AppData\\Local\\Temp\\rust_mozprofile98GZuH"
*** You are running in headless mode.
1627225928875	Marionette	INFO	Marionette enabled
[GFX1-]: RenderCompositorSWGL failed mapping default framebuffer, no dt
console.warn: SearchSettings: "get: No settings file exists, new profile?" (new NotFoundError("Could not open the file at C:\\Users\\manum\\AppData\\Local\\Temp\\rust_mozprofile98GZuH\\search.json.mozlz4", (void 0)))
1627225930469	Marionette	INFO	Listening on port 55991
1627225930561	Marionette	WARN	TLS certificate errors will be ignored for this session
console.error: services.settings: 
  main/doh-providers Signature failed  InvalidSignatureError: Invalid content signature (main/doh-providers)
console.error: services.settings: 
  main/doh-providers local data was corrupted
console.warn: services.settings: main/doh-providers Signature verified failed. Retry from scratch
console.error: services.settings: 
  main/doh-config Signature failed  InvalidSignatureError: Invalid content signature (main/doh-config)
console.error: services.settings: 
  main/doh-config local data was corrupted
console.warn: services.settings: main/doh-config Signature verified failed. Retry from scratch
console.log: WebExtensions: reset-default-search: starting.
console.log: WebExtensions: reset-default-search: No addons in our list are installed.

###!!! [Parent][RunMessage] Error: Channel closing: too late to send/recv, messages will be lost

JavaScript error: , line 0: NS_ERROR_NOT_AVAILABLE

###!!! [Parent][RunMessage] Error: Channel closing: too late to send/recv, messages will be lost

roviders Signature failed  InvalidSignatureError: Invalid content signature (main/doh-providers)
console.error: services.settings: 
  main/doh-providers local data was corrupted
console.warn: services.settings: main/doh-providers Signature verified failed. Retry from scratch
console.error: services.settings: 
  main/doh-config Signature failed  InvalidSignatureError: Invalid content signature (main/doh-config)
console.error: services.settings: 
  main/doh-config local data was corrupted
console.warn: services.settings: main/doh-config Signature verified failed. Retry from scratch
console.log: WebExtensions: reset-default-search: starting.
console.log: WebExtensions: reset-default-search: No addons in our list are installed.
JavaScript error: , line 0: NS_ERROR_NOT_AVAILABLE
closing: too late to send/recv, messages will be lost

1627226091343	geckodriver	INFO	Listening on 127.0.0.1:56199
1627226094377	mozrunner::runner	INFO	Running command: "C:\\Program Files\\Mozilla Firefox\\firefox.exe" "--marionette" "--disable-extensions" "--headless" "-foreground" "-no-remote" "-profile" "C:\\Users\\manum\\AppData\\Local\\Temp\\rust_mozprofileR8zwxg"
*** You are running in headless mode.
1627226094907	Marionette	INFO	Marionette enabled
[GFX1-]: RenderCompositorSWGL failed mapping default framebuffer, no dt
console.warn: SearchSettings: "get: No settings file exists, new profile?" (new NotFoundError("Could not open the file at C:\\Users\\manum\\AppData\\Local\\Temp\\rust_mozprofileR8zwxg\\search.json.mozlz4", (void 0)))
1627226096589	Marionette	INFO	Listening on port 56207
1627226097063	Marionette	WARN	TLS certificate errors will be ignored for this session
1627226107411	Marionette	INFO	Stopped listening on port 56207

###!!! [Parent][RunMessage] Error: Channel closing: too late to send/recv, messages will be lost

1627226134615	geckodriver	INFO	Listening on 127.0.0.1:56274
1627226137662	mozrunner::runner	INFO	Running command: "C:\\Program Files\\Mozilla Firefox\\firefox.exe" "--marionette" "--disable-extensions" "--headless" "-foreground" "-no-remote" "-profile" "C:\\Users\\manum\\AppData\\Local\\Temp\\rust_mozprofileu3x72e"
*** You are running in headless mode.
1627226138154	Marionette	INFO	Marionette enabled
[GFX1-]: RenderCompositorSWGL failed mapping default framebuffer, no dt
console.warn: SearchSettings: "get: No settings file exists, new profile?" (new NotFoundError("Could not open the file at C:\\Users\\manum\\AppData\\Local\\Temp\\rust_mozprofileu3x72e\\search.json.mozlz4", (void 0)))
1627226139865	Marionette	INFO	Listening on port 56282
1627226140364	Marionette	WARN	TLS certificate errors will be ignored for this session
1627226150787	Marionette	INFO	Stopped listening on port 56282

###!!! [Parent][RunMessage] Error: Channel closing: too late to send/recv, messages will be lost

1627226482253	geckodriver	INFO	Listening on 127.0.0.1:56381
1627226485287	mozrunner::runner	INFO	Running command: "C:\\Program Files\\Mozilla Firefox\\firefox.exe" "--marionette" "--disable-extensions" "--headless" "-foreground" "-no-remote" "-profile" "C:\\Users\\manum\\AppData\\Local\\Temp\\rust_mozprofile2t2yqz"
*** You are running in headless mode.
1627226485796	Marionette	INFO	Marionette enabled
[GFX1-]: RenderCompositorSWGL failed mapping default framebuffer, no dt
console.warn: SearchSettings: "get: No settings file exists, new profile?" (new NotFoundError("Could not open the file at C:\\Users\\manum\\AppData\\Local\\Temp\\rust_mozprofile2t2yqz\\search.json.mozlz4", (void 0)))
1627226487488	Marionette	INFO	Listening on port 56389

###!!! [Child][MessageChannel] Error: (msgtype=0x39009A,name=PContent::Msg_InitBackground) Channel closing: too late to send/recv, messages will be lost

1627226487980	Marionette	WARN	TLS certificate errors will be ignored for this session
1627226498505	Marionette	INFO	Stopped listening on port 56389

###!!! [Parent][RunMessage] Error: Channel closing: too late to send/recv, messages will be lost

1627226731217	geckodriver	INFO	Listening on 127.0.0.1:55830
1627226734266	mozrunner::runner	INFO	Running command: "C:\\Program Files\\Mozilla Firefox\\firefox.exe" "--marionette" "--disable-extensions" "--headless" "-foreground" "-no-remote" "-profile" "C:\\Users\\manum\\AppData\\Local\\Temp\\rust_mozprofileM8VVGP"
*** You are running in headless mode.
1627226734803	Marionette	INFO	Marionette enabled
[GFX1-]: RenderCompositorSWGL failed mapping default framebuffer, no dt
console.warn: SearchSettings: "get: No settings file exists, new profile?" (new NotFoundError("Could not open the file at C:\\Users\\manum\\AppData\\Local\\Temp\\rust_mozprofileM8VVGP\\search.json.mozlz4", (void 0)))
1627226736666	Marionette	INFO	Listening on port 55838
1627226736954	Marionette	WARN	TLS certificate errors will be ignored for this session
1627226747473	Marionette	INFO	Stopped listening on port 55838

###!!! [Parent][RunMessage] Error: Channel closing: too late to send/recv, messages will be lost

1627226768656	geckodriver	INFO	Listening on 127.0.0.1:55893
1627226771709	mozrunner::runner	INFO	Running command: "C:\\Program Files\\Mozilla Firefox\\firefox.exe" "--marionette" "--disable-extensions" "--headless" "-foreground" "-no-remote" "-profile" "C:\\Users\\manum\\AppData\\Local\\Temp\\rust_mozprofilent0SOy"
*** You are running in headless mode.
1627226772187	Marionette	INFO	Marionette enabled
[GFX1-]: RenderCompositorSWGL failed mapping default framebuffer, no dt
console.warn: SearchSettings: "get: No settings file exists, new profile?" (new NotFoundError("Could not open the file at C:\\Users\\manum\\AppData\\Local\\Temp\\rust_mozprofilent0SOy\\search.json.mozlz4", (void 0)))
1627226773857	Marionette	INFO	Listening on port 55901
1627226773895	Marionette	WARN	TLS certificate errors will be ignored for this session
1627226784304	Marionette	INFO	Stopped listening on port 55901

###!!! [Parent][RunMessage] Error: Channel closing: too late to send/recv, messages will be lost

1627227189459	geckodriver	INFO	Listening on 127.0.0.1:56137
1627227192514	mozrunner::runner	INFO	Running command: "C:\\Program Files\\Mozilla Firefox\\firefox.exe" "--marionette" "--disable-extensions" "--headless" "-foreground" "-no-remote" "-profile" "C:\\Users\\manum\\AppData\\Local\\Temp\\rust_mozprofile6othPu"
*** You are running in headless mode.
1627227193002	Marionette	INFO	Marionette enabled
[GFX1-]: RenderCompositorSWGL failed mapping default framebuffer, no dt
console.warn: SearchSettings: "get: No settings file exists, new profile?" (new NotFoundError("Could not open the file at C:\\Users\\manum\\AppData\\Local\\Temp\\rust_mozprofile6othPu\\search.json.mozlz4", (void 0)))
1627227194838	Marionette	INFO	Listening on port 56145
1627227195221	Marionette	WARN	TLS certificate errors will be ignored for this session
1627227205677	Marionette	INFO	Stopped listening on port 56145

###!!! [Parent][RunMessage] Error: Channel closing: too late to send/recv, messages will be lost

